Arguments: 
  /home/lucascyrne/.nvm/versions/node/v16.4.2/bin/node /home/lucascyrne/.nvm/versions/node/v16.4.2/bin/yarn add toyo-app toyo-server

PATH: 
  /home/lucascyrne/.nvm/versions/node/v16.4.2/bin:/usr/local/sbin:/usr/local/bin:/usr/sbin:/usr/bin:/sbin:/bin:/usr/games:/usr/local/games:/mnt/c/Python39/Scripts/:/mnt/c/Python39/:/mnt/c/Windows/system32:/mnt/c/Windows:/mnt/c/Windows/System32/Wbem:/mnt/c/Windows/System32/WindowsPowerShell/v1.0/:/mnt/c/Windows/System32/OpenSSH/:/mnt/c/Program Files/nodejs/:/mnt/c/ProgramData/chocolatey/bin:/mnt/c/Program Files/Git/cmd:/mnt/c/Program Files/MySQL/MySQL Shell 8.0/bin/:/mnt/c/Users/lucascyrne/AppData/Local/Microsoft/WindowsApps:/mnt/c/Users/lucascyrne/AppData/Local/Programs/Microsoft VS Code/bin:/mnt/c/Users/lucascyrne/AppData/Roaming/npm:/mnt/c/Users/lucascyrne/AppData/Local/atom/bin:/snap/bin

Yarn version: 
  1.22.10

Node version: 
  16.4.2

Platform: 
  linux x64

Trace: 
  Error: https://registry.yarnpkg.com/toyo-app: Not found
      at Request.params.callback [as _callback] (/home/lucascyrne/.nvm/versions/node/v16.4.2/lib/node_modules/yarn/lib/cli.js:66988:18)
      at Request.self.callback (/home/lucascyrne/.nvm/versions/node/v16.4.2/lib/node_modules/yarn/lib/cli.js:140662:22)
      at Request.emit (node:events:394:28)
      at Request.<anonymous> (/home/lucascyrne/.nvm/versions/node/v16.4.2/lib/node_modules/yarn/lib/cli.js:141634:10)
      at Request.emit (node:events:394:28)
      at IncomingMessage.<anonymous> (/home/lucascyrne/.nvm/versions/node/v16.4.2/lib/node_modules/yarn/lib/cli.js:141556:12)
      at Object.onceWrapper (node:events:513:28)
      at IncomingMessage.emit (node:events:406:35)
      at endReadableNT (node:internal/streams/readable:1329:12)
      at processTicksAndRejections (node:internal/process/task_queues:83:21)

npm manifest: 
  No manifest

yarn manifest: 
  No manifest

Lockfile: 
  No lockfile
